<?xml version="1.0" encoding="UTF-8"?>
<testsuite name="com.snapolitano.exercises.exceptions.DivisionSquaredTest" tests="1" skipped="0" failures="0" errors="0" timestamp="2023-04-29T12:47:31" hostname="LGwebOSTV.station" time="0.01">
  <properties/>
  <testcase name="divisionSquared()" classname="com.snapolitano.exercises.exceptions.DivisionSquaredTest" time="0.01"/>
  <system-out><![CDATA[]]></system-out>
  <system-err><![CDATA[]]></system-err>
</testsuite>
