<?xml version="1.0" encoding="UTF-8"?>
<testsuite name="com.snapolitano.exercises.functional.BankAccountTest" tests="1" skipped="0" failures="0" errors="0" timestamp="2023-04-26T07:40:47" hostname="wifi-125-dhcprange-125-247.wifi.unimo.it" time="0.014">
  <properties/>
  <testcase name="applyInterest()" classname="com.snapolitano.exercises.functional.BankAccountTest" time="0.014"/>
  <system-out><![CDATA[]]></system-out>
  <system-err><![CDATA[]]></system-err>
</testsuite>
