<?xml version="1.0" encoding="UTF-8"?>
<testsuite name="com.snapolitano.exercises.oop.library.RentTest" tests="2" skipped="0" failures="0" errors="0" timestamp="2023-07-10T17:36:04" hostname="MBP-di-Saverio.station" time="0.01">
  <properties/>
  <testcase name="isExpired()" classname="com.snapolitano.exercises.oop.library.RentTest" time="0.008"/>
  <testcase name="equalsHashCode()" classname="com.snapolitano.exercises.oop.library.RentTest" time="0.001"/>
  <system-out><![CDATA[]]></system-out>
  <system-err><![CDATA[]]></system-err>
</testsuite>
