<?xml version="1.0" encoding="UTF-8"?>
<testsuite name="com.snapolitano.exercises.arrays.BubbleSortTest" tests="2" skipped="0" failures="0" errors="0" timestamp="2023-04-21T14:38:09" hostname="wifi-125-dhcprange-125-247.wifi.unimo.it" time="0.007">
  <properties/>
  <testcase name="bubbleSort()" classname="com.snapolitano.exercises.arrays.BubbleSortTest" time="0.006"/>
  <testcase name="bubbleSortCopy()" classname="com.snapolitano.exercises.arrays.BubbleSortTest" time="0.0"/>
  <system-out><![CDATA[]]></system-out>
  <system-err><![CDATA[]]></system-err>
</testsuite>
