<?xml version="1.0" encoding="UTF-8"?>
<testsuite name="com.snapolitano.exercises.oop.phonebook.PhoneBookListTest" tests="5" skipped="0" failures="0" errors="0" timestamp="2023-04-21T14:38:09" hostname="wifi-125-dhcprange-125-247.wifi.unimo.it" time="0.001">
  <properties/>
  <testcase name="searchByLastname()" classname="com.snapolitano.exercises.oop.phonebook.PhoneBookListTest" time="0.0"/>
  <testcase name="removePerson()" classname="com.snapolitano.exercises.oop.phonebook.PhoneBookListTest" time="0.0"/>
  <testcase name="searchByNumber()" classname="com.snapolitano.exercises.oop.phonebook.PhoneBookListTest" time="0.0"/>
  <testcase name="searchByName()" classname="com.snapolitano.exercises.oop.phonebook.PhoneBookListTest" time="0.001"/>
  <testcase name="addPerson()" classname="com.snapolitano.exercises.oop.phonebook.PhoneBookListTest" time="0.0"/>
  <system-out><![CDATA[]]></system-out>
  <system-err><![CDATA[]]></system-err>
</testsuite>
