<?xml version="1.0" encoding="UTF-8"?>
<testsuite name="com.snapolitano.exercises.functional.PhoneBookTest" tests="2" skipped="0" failures="0" errors="0" timestamp="2023-04-27T15:47:47" hostname="LGwebOSTV.station" time="0.013">
  <properties/>
  <testcase name="searchByLastname()" classname="com.snapolitano.exercises.functional.PhoneBookTest" time="0.011"/>
  <testcase name="searchByNameAndLastname()" classname="com.snapolitano.exercises.functional.PhoneBookTest" time="0.002"/>
  <system-out><![CDATA[]]></system-out>
  <system-err><![CDATA[]]></system-err>
</testsuite>
